<?xml version="1.0" encoding="UTF-8" ?>
<testsuite tests="46" failures="0" name="com.topcoder.commons.utils.ValidationUtilityTest" time="0.216" errors="0" skipped="0">
  <properties>
[...]
</properties>
  <testcase classname="com.topcoder.commons.utils.ValidationUtilityTest" name="testCheckNotNull" time="0.199"/>
  <testcase classname="com.topcoder.commons.utils.ValidationUtilityTest" name="testCheckNotEmpty" time="0"/>
  <testcase classname="com.topcoder.commons.utils.ValidationUtilityTest" name="testCheckNotEmptyAfterTrimming" time="0"/>
  <testcase classname="com.topcoder.commons.utils.ValidationUtilityTest" name="testCheckNotNullNorEmpty" time="0"/>
  <testcase classname="com.topcoder.commons.utils.ValidationUtilityTest" name="testCheckNotNullNorEmptyAfterTrimming" time="0.001"/>
  <testcase classname="com.topcoder.commons.utils.ValidationUtilityTest" name="testCheckInstance" time="0"/>
  <testcase classname="com.topcoder.commons.utils.ValidationUtilityTest" name="testCheckNullOrInstance" time="0"/>
  <testcase classname="com.topcoder.commons.utils.ValidationUtilityTest" name="testCheckExists" time="0"/>
  <testcase classname="com.topcoder.commons.utils.ValidationUtilityTest" name="testCheckIsFile" time="0"/>
  <testcase classname="com.topcoder.commons.utils.ValidationUtilityTest" name="testCheckIsDirectory" time="0.001"/>
  <testcase classname="com.topcoder.commons.utils.ValidationUtilityTest" name="testCheckNotEmpty1" time="0"/>
  <testcase classname="com.topcoder.commons.utils.ValidationUtilityTest" name="testCheckNotNullNorEmpty1" time="0.001"/>
  <testcase classname="com.topcoder.commons.utils.ValidationUtilityTest" name="testCheckNotEmpty2" time="0"/>
  <testcase classname="com.topcoder.commons.utils.ValidationUtilityTest" name="testCheckNotNullNorEmpty2" time="0.001"/>
  <testcase classname="com.topcoder.commons.utils.ValidationUtilityTest" name="testCheckNotNullElements" time="0"/>
  <testcase classname="com.topcoder.commons.utils.ValidationUtilityTest" name="testCheckNotEmptyElements" time="0.001"/>
  <testcase classname="com.topcoder.commons.utils.ValidationUtilityTest" name="testCheckNotEmptyElements2" time="0.001"/>
  <testcase classname="com.topcoder.commons.utils.ValidationUtilityTest" name="testCheckNotEmptyElements3" time="0"/>
  <testcase classname="com.topcoder.commons.utils.ValidationUtilityTest" name="testCheckNotNullKeys" time="0"/>
  <testcase classname="com.topcoder.commons.utils.ValidationUtilityTest" name="testCheckNotNullValues" time="0"/>
  <testcase classname="com.topcoder.commons.utils.ValidationUtilityTest" name="testCheckNotEmptyKeys" time="0"/>
  <testcase classname="com.topcoder.commons.utils.ValidationUtilityTest" name="testCheckNotEmptyKeys2" time="0"/>
  <testcase classname="com.topcoder.commons.utils.ValidationUtilityTest" name="testCheckNotEmptyKeys3" time="0.001"/>
  <testcase classname="com.topcoder.commons.utils.ValidationUtilityTest" name="testCheckNotEmptyValues" time="0"/>
  <testcase classname="com.topcoder.commons.utils.ValidationUtilityTest" name="testCheckNotEmptyValues2" time="0.001"/>
  <testcase classname="com.topcoder.commons.utils.ValidationUtilityTest" name="testCheckNotEmptyValues3" time="0"/>
  <testcase classname="com.topcoder.commons.utils.ValidationUtilityTest" name="testCheckNegative" time="0.001"/>
  <testcase classname="com.topcoder.commons.utils.ValidationUtilityTest" name="testCheckPositive" time="0.001"/>
  <testcase classname="com.topcoder.commons.utils.ValidationUtilityTest" name="testCheckNotNegative" time="0"/>
  <testcase classname="com.topcoder.commons.utils.ValidationUtilityTest" name="testCheckNotPositive" time="0"/>
  <testcase classname="com.topcoder.commons.utils.ValidationUtilityTest" name="testCheckNotZero" time="0"/>
  <testcase classname="com.topcoder.commons.utils.ValidationUtilityTest" name="testCheckGreaterThan" time="0.002"/>
  <testcase classname="com.topcoder.commons.utils.ValidationUtilityTest" name="testCheckGreaterThan2" time="0"/>
  <testcase classname="com.topcoder.commons.utils.ValidationUtilityTest" name="testCheckLessThan" time="0"/>
  <testcase classname="com.topcoder.commons.utils.ValidationUtilityTest" name="testCheckLessThan2" time="0"/>
  <testcase classname="com.topcoder.commons.utils.ValidationUtilityTest" name="testCheckInRange" time="0.002"/>
  <testcase classname="com.topcoder.commons.utils.ValidationUtilityTest" name="testCheckNegative2" time="0"/>
  <testcase classname="com.topcoder.commons.utils.ValidationUtilityTest" name="testCheckPositive2" time="0"/>
  <testcase classname="com.topcoder.commons.utils.ValidationUtilityTest" name="testCheckNotNegative2" time="0"/>
  <testcase classname="com.topcoder.commons.utils.ValidationUtilityTest" name="testCheckNotPositive2" time="0"/>
  <testcase classname="com.topcoder.commons.utils.ValidationUtilityTest" name="testCheckNotZero2" time="0.001"/>
  <testcase classname="com.topcoder.commons.utils.ValidationUtilityTest" name="testCheckGreaterThan3" time="0"/>
  <testcase classname="com.topcoder.commons.utils.ValidationUtilityTest" name="testCheckGreaterThan4" time="0.001"/>
  <testcase classname="com.topcoder.commons.utils.ValidationUtilityTest" name="testCheckLessThan3" time="0"/>
  <testcase classname="com.topcoder.commons.utils.ValidationUtilityTest" name="testCheckLessThan4" time="0"/>
  <testcase classname="com.topcoder.commons.utils.ValidationUtilityTest" name="testCheckInRange2" time="0.001"/>
</testsuite>