<?xml version="1.0" encoding="UTF-8" ?>
<testsuite tests="3" failures="0" name="com.topcoder.commons.utils.Log4jUtilityTest" time="0.039" errors="0" skipped="0">
  <properties>
[...]
</properties>
  <testcase classname="com.topcoder.commons.utils.Log4jUtilityTest" name="testLogEntrance" time="0.031"/>
  <testcase classname="com.topcoder.commons.utils.Log4jUtilityTest" name="testLogExit" time="0.003"/>
  <testcase classname="com.topcoder.commons.utils.Log4jUtilityTest" name="testLogException" time="0.005"/>
</testsuite>